# JRE version: OpenJDK Runtime Environment JBR-17.0.12+1-1207.37-nomod (17.0.12+1) (build 17.0.12+1-b1207.37)
# Java VM: OpenJDK 64-Bit Server VM JBR-17.0.12+1-1207.37-nomod (17.0.12+1-b1207.37, mixed mode, sharing, tiered, compressed oops, compressed class ptrs, g1 gc, windows-amd64)
GC Precious Log:
 CPUs: 8 total, 8 available
 Memory: 16144M
 Large Page Support: Disabled
 NUMA Support: Disabled
 Compressed Oops: Enabled (32-bit)
 Heap Region Size: 1M
 Heap Min Capacity: 8M
 Heap Initial Capacity: 254M
 Heap Max Capacity: 2G
 Pre-touch: Disabled
 Parallel Workers: 8
 Concurrent Workers: 2
 Concurrent Refinement Workers: 8
 Periodic GC: Disabled
Heap:
 garbage-first heap   total 358400K, used 292167K [0x0000000080000000, 0x0000000100000000)
  region size 1024K, 187 young (191488K), 4 survivors (4096K)
 Metaspace       used 65643K, committed 66304K, reserved 1114112K
  class space    used 9240K, committed 9536K, reserved 1048576K
GC Heap History (20 events):
Event: 15.333 GC heap before
{Heap before GC invocations=10 (full 0):
 garbage-first heap   total 92160K, used 45571K [0x0000000080000000, 0x0000000100000000)
  region size 1024K, 4 young (4096K), 3 survivors (3072K)
 Metaspace       used 32083K, committed 32576K, reserved 1114112K
  class space    used 4906K, committed 5120K, reserved 1048576K
}
Event: 15.346 GC heap after
{Heap after GC invocations=11 (full 0):
 garbage-first heap   total 92160K, used 44886K [0x0000000080000000, 0x0000000100000000)
  region size 1024K, 1 young (1024K), 1 survivors (1024K)
 Metaspace       used 32083K, committed 32576K, reserved 1114112K
  class space    used 4906K, committed 5120K, reserved 1048576K
}
Event: 16.810 GC heap before
{Heap before GC invocations=11 (full 0):
 garbage-first heap   total 92160K, used 70486K [0x0000000080000000, 0x0000000100000000)
  region size 1024K, 27 young (27648K), 1 survivors (1024K)
 Metaspace       used 36456K, committed 36928K, reserved 1114112K
  class space    used 5356K, committed 5568K, reserved 1048576K
}
Event: 16.815 GC heap after
{Heap after GC invocations=12 (full 0):
 garbage-first heap   total 92160K, used 47836K [0x0000000080000000, 0x0000000100000000)
  region size 1024K, 4 young (4096K), 4 survivors (4096K)
 Metaspace       used 36456K, committed 36928K, reserved 1114112K
  class space    used 5356K, committed 5568K, reserved 1048576K
}
Event: 18.072 GC heap before
{Heap before GC invocations=13 (full 0):
 garbage-first heap   total 94208K, used 76508K [0x0000000080000000, 0x0000000100000000)
  region size 1024K, 28 young (28672K), 4 survivors (4096K)
 Metaspace       used 38429K, committed 38912K, reserved 1114112K
  class space    used 5510K, committed 5760K, reserved 1048576K
}
Event: 18.085 GC heap after
{Heap after GC invocations=14 (full 0):
 garbage-first heap   total 94208K, used 49384K [0x0000000080000000, 0x0000000100000000)
  region size 1024K, 3 young (3072K), 3 survivors (3072K)
 Metaspace       used 38429K, committed 38912K, reserved 1114112K
  class space    used 5510K, committed 5760K, reserved 1048576K
}
Event: 18.162 GC heap before
{Heap before GC invocations=14 (full 0):
 garbage-first heap   total 94208K, used 50408K [0x0000000080000000, 0x0000000100000000)
  region size 1024K, 4 young (4096K), 3 survivors (3072K)
 Metaspace       used 38531K, committed 39040K, reserved 1114112K
  class space    used 5526K, committed 5760K, reserved 1048576K
}
Event: 18.184 GC heap after
{Heap after GC invocations=15 (full 0):
 garbage-first heap   total 179200K, used 49544K [0x0000000080000000, 0x0000000100000000)
  region size 1024K, 1 young (1024K), 1 survivors (1024K)
 Metaspace       used 38531K, committed 39040K, reserved 1114112K
  class space    used 5526K, committed 5760K, reserved 1048576K
}
Event: 26.420 GC heap before
{Heap before GC invocations=15 (full 0):
 garbage-first heap   total 179200K, used 157064K [0x0000000080000000, 0x0000000100000000)
  region size 1024K, 91 young (93184K), 1 survivors (1024K)
 Metaspace       used 46017K, committed 46656K, reserved 1114112K
  class space    used 6579K, committed 6848K, reserved 1048576K
}
Event: 26.466 GC heap after
{Heap after GC invocations=16 (full 0):
 garbage-first heap   total 179200K, used 75120K [0x0000000080000000, 0x0000000100000000)
  region size 1024K, 12 young (12288K), 12 survivors (12288K)
 Metaspace       used 46017K, committed 46656K, reserved 1114112K
  class space    used 6579K, committed 6848K, reserved 1048576K
}
Event: 30.777 GC heap before
{Heap before GC invocations=16 (full 0):
 garbage-first heap   total 179200K, used 141680K [0x0000000080000000, 0x0000000100000000)
  region size 1024K, 77 young (78848K), 12 survivors (12288K)
 Metaspace       used 51264K, committed 51840K, reserved 1114112K
  class space    used 7428K, committed 7680K, reserved 1048576K
}
Event: 30.803 GC heap after
{Heap after GC invocations=17 (full 0):
 garbage-first heap   total 179200K, used 78988K [0x0000000080000000, 0x0000000100000000)
  region size 1024K, 4 young (4096K), 4 survivors (4096K)
 Metaspace       used 51264K, committed 51840K, reserved 1114112K
  class space    used 7428K, committed 7680K, reserved 1048576K
}
Event: 33.698 GC heap before
{Heap before GC invocations=17 (full 0):
 garbage-first heap   total 179200K, used 141452K [0x0000000080000000, 0x0000000100000000)
  region size 1024K, 66 young (67584K), 4 survivors (4096K)
 Metaspace       used 52547K, committed 53120K, reserved 1114112K
  class space    used 7558K, committed 7808K, reserved 1048576K
}
Event: 33.722 GC heap after
{Heap after GC invocations=18 (full 0):
 garbage-first heap   total 179200K, used 84931K [0x0000000080000000, 0x0000000100000000)
  region size 1024K, 9 young (9216K), 9 survivors (9216K)
 Metaspace       used 52547K, committed 53120K, reserved 1114112K
  class space    used 7558K, committed 7808K, reserved 1048576K
}
Event: 34.867 GC heap before
{Heap before GC invocations=19 (full 0):
 garbage-first heap   total 179200K, used 143299K [0x0000000080000000, 0x0000000100000000)
  region size 1024K, 66 young (67584K), 9 survivors (9216K)
 Metaspace       used 52734K, committed 53312K, reserved 1114112K
  class space    used 7558K, committed 7808K, reserved 1048576K
}
Event: 34.889 GC heap after
{Heap after GC invocations=20 (full 0):
 garbage-first heap   total 179200K, used 86858K [0x0000000080000000, 0x0000000100000000)
  region size 1024K, 4 young (4096K), 4 survivors (4096K)
 Metaspace       used 52734K, committed 53312K, reserved 1114112K
  class space    used 7558K, committed 7808K, reserved 1048576K
}
Event: 34.941 GC heap before
{Heap before GC invocations=20 (full 0):
 garbage-first heap   total 179200K, used 90954K [0x0000000080000000, 0x0000000100000000)
  region size 1024K, 8 young (8192K), 4 survivors (4096K)
 Metaspace       used 52738K, committed 53312K, reserved 1114112K
  class space    used 7558K, committed 7808K, reserved 1048576K
}
Event: 34.956 GC heap after
{Heap after GC invocations=21 (full 0):
 garbage-first heap   total 179200K, used 86003K [0x0000000080000000, 0x0000000100000000)
  region size 1024K, 1 young (1024K), 1 survivors (1024K)
 Metaspace       used 52738K, committed 53312K, reserved 1114112K
  class space    used 7558K, committed 7808K, reserved 1048576K
}
Event: 35.678 GC heap before
{Heap before GC invocations=21 (full 0):
 garbage-first heap   total 179200K, used 143347K [0x0000000080000000, 0x0000000100000000)
  region size 1024K, 58 young (59392K), 1 survivors (1024K)
 Metaspace       used 52752K, committed 53312K, reserved 1114112K
  class space    used 7559K, committed 7808K, reserved 1048576K
}
Event: 35.685 GC heap after
{Heap after GC invocations=22 (full 0):
 garbage-first heap   total 358400K, used 88391K [0x0000000080000000, 0x0000000100000000)
  region size 1024K, 4 young (4096K), 4 survivors (4096K)
 Metaspace       used 52752K, committed 53312K, reserved 1114112K
  class space    used 7559K, committed 7808K, reserved 1048576K
}

