# JRE version: OpenJDK Runtime Environment JBR-17.0.12+1-1207.37-nomod (17.0.12+1) (build 17.0.12+1-b1207.37)
# Java VM: OpenJDK 64-Bit Server VM JBR-17.0.12+1-1207.37-nomod (17.0.12+1-b1207.37, mixed mode, tiered, compressed oops, compressed class ptrs, g1 gc, windows-amd64)
GC Precious Log:
 CPUs: 8 total, 8 available
 Memory: 16144M
 Large Page Support: Disabled
 NUMA Support: Disabled
 Compressed Oops: Enabled (32-bit)
 Heap Region Size: 1M
 Heap Min Capacity: 8M
 Heap Initial Capacity: 254M
 Heap Max Capacity: 2G
 Pre-touch: Disabled
 Parallel Workers: 8
 Concurrent Workers: 2
 Concurrent Refinement Workers: 8
 Periodic GC: Disabled
Heap:
 garbage-first heap   total 114688K, used 54794K [0x0000000080000000, 0x0000000100000000)
  region size 1024K, 2 young (2048K), 2 survivors (2048K)
 Metaspace       used 57373K, committed 57856K, reserved 1114112K
  class space    used 7701K, committed 7936K, reserved 1048576K
GC Heap History (20 events):
Event: 12.241 GC heap after
{Heap after GC invocations=13 (full 0):
 garbage-first heap   total 95232K, used 34427K [0x0000000080000000, 0x0000000100000000)
  region size 1024K, 2 young (2048K), 2 survivors (2048K)
 Metaspace       used 48267K, committed 48704K, reserved 1114112K
  class space    used 6487K, committed 6720K, reserved 1048576K
}
Event: 12.734 GC heap before
{Heap before GC invocations=13 (full 0):
 garbage-first heap   total 95232K, used 74363K [0x0000000080000000, 0x0000000100000000)
  region size 1024K, 40 young (40960K), 2 survivors (2048K)
 Metaspace       used 52020K, committed 52480K, reserved 1114112K
  class space    used 6968K, committed 7168K, reserved 1048576K
}
Event: 12.739 GC heap after
{Heap after GC invocations=14 (full 0):
 garbage-first heap   total 95232K, used 37123K [0x0000000080000000, 0x0000000100000000)
  region size 1024K, 5 young (5120K), 5 survivors (5120K)
 Metaspace       used 52020K, committed 52480K, reserved 1114112K
  class space    used 6968K, committed 7168K, reserved 1048576K
}
Event: 13.289 GC heap before
{Heap before GC invocations=14 (full 0):
 garbage-first heap   total 95232K, used 73987K [0x0000000080000000, 0x0000000100000000)
  region size 1024K, 41 young (41984K), 5 survivors (5120K)
 Metaspace       used 55048K, committed 55552K, reserved 1114112K
  class space    used 7426K, committed 7616K, reserved 1048576K
}
Event: 13.296 GC heap after
{Heap after GC invocations=15 (full 0):
 garbage-first heap   total 95232K, used 39970K [0x0000000080000000, 0x0000000100000000)
  region size 1024K, 6 young (6144K), 6 survivors (6144K)
 Metaspace       used 55048K, committed 55552K, reserved 1114112K
  class space    used 7426K, committed 7616K, reserved 1048576K
}
Event: 13.848 GC heap before
{Heap before GC invocations=15 (full 0):
 garbage-first heap   total 95232K, used 74786K [0x0000000080000000, 0x0000000100000000)
  region size 1024K, 40 young (40960K), 6 survivors (6144K)
 Metaspace       used 56436K, committed 56896K, reserved 1114112K
  class space    used 7626K, committed 7808K, reserved 1048576K
}
Event: 13.858 GC heap after
{Heap after GC invocations=16 (full 0):
 garbage-first heap   total 95232K, used 44896K [0x0000000080000000, 0x0000000100000000)
  region size 1024K, 5 young (5120K), 5 survivors (5120K)
 Metaspace       used 56436K, committed 56896K, reserved 1114112K
  class space    used 7626K, committed 7808K, reserved 1048576K
}
Event: 14.102 GC heap before
{Heap before GC invocations=16 (full 0):
 garbage-first heap   total 95232K, used 73568K [0x0000000080000000, 0x0000000100000000)
  region size 1024K, 34 young (34816K), 5 survivors (5120K)
 Metaspace       used 56682K, committed 57152K, reserved 1114112K
  class space    used 7627K, committed 7808K, reserved 1048576K
}
Event: 14.108 GC heap after
{Heap after GC invocations=17 (full 0):
 garbage-first heap   total 95232K, used 48266K [0x0000000080000000, 0x0000000100000000)
  region size 1024K, 3 young (3072K), 3 survivors (3072K)
 Metaspace       used 56682K, committed 57152K, reserved 1114112K
  class space    used 7627K, committed 7808K, reserved 1048576K
}
Event: 14.291 GC heap before
{Heap before GC invocations=17 (full 0):
 garbage-first heap   total 95232K, used 74890K [0x0000000080000000, 0x0000000100000000)
  region size 1024K, 29 young (29696K), 3 survivors (3072K)
 Metaspace       used 56996K, committed 57472K, reserved 1114112K
  class space    used 7654K, committed 7872K, reserved 1048576K
}
Event: 14.295 GC heap after
{Heap after GC invocations=18 (full 0):
 garbage-first heap   total 114688K, used 49433K [0x0000000080000000, 0x0000000100000000)
  region size 1024K, 3 young (3072K), 3 survivors (3072K)
 Metaspace       used 56996K, committed 57472K, reserved 1114112K
  class space    used 7654K, committed 7872K, reserved 1048576K
}
Event: 14.526 GC heap before
{Heap before GC invocations=19 (full 0):
 garbage-first heap   total 114688K, used 88345K [0x0000000080000000, 0x0000000100000000)
  region size 1024K, 42 young (43008K), 3 survivors (3072K)
 Metaspace       used 57044K, committed 57472K, reserved 1114112K
  class space    used 7654K, committed 7872K, reserved 1048576K
}
Event: 14.530 GC heap after
{Heap after GC invocations=20 (full 0):
 garbage-first heap   total 114688K, used 50047K [0x0000000080000000, 0x0000000100000000)
  region size 1024K, 4 young (4096K), 4 survivors (4096K)
 Metaspace       used 57044K, committed 57472K, reserved 1114112K
  class space    used 7654K, committed 7872K, reserved 1048576K
}
Event: 14.535 GC heap before
{Heap before GC invocations=20 (full 0):
 garbage-first heap   total 114688K, used 51071K [0x0000000080000000, 0x0000000100000000)
  region size 1024K, 5 young (5120K), 4 survivors (4096K)
 Metaspace       used 57046K, committed 57472K, reserved 1114112K
  class space    used 7654K, committed 7872K, reserved 1048576K
}
Event: 14.538 GC heap after
{Heap after GC invocations=21 (full 0):
 garbage-first heap   total 114688K, used 49390K [0x0000000080000000, 0x0000000100000000)
  region size 1024K, 1 young (1024K), 1 survivors (1024K)
 Metaspace       used 57046K, committed 57472K, reserved 1114112K
  class space    used 7654K, committed 7872K, reserved 1048576K
}
Event: 14.709 GC heap before
{Heap before GC invocations=21 (full 0):
 garbage-first heap   total 114688K, used 88302K [0x0000000080000000, 0x0000000100000000)
  region size 1024K, 40 young (40960K), 1 survivors (1024K)
 Metaspace       used 57108K, committed 57600K, reserved 1114112K
  class space    used 7655K, committed 7872K, reserved 1048576K
}
Event: 14.712 GC heap after
{Heap after GC invocations=22 (full 0):
 garbage-first heap   total 114688K, used 51451K [0x0000000080000000, 0x0000000100000000)
  region size 1024K, 3 young (3072K), 3 survivors (3072K)
 Metaspace       used 57108K, committed 57600K, reserved 1114112K
  class space    used 7655K, committed 7872K, reserved 1048576K
}
Event: 14.876 GC heap before
{Heap before GC invocations=22 (full 0):
 garbage-first heap   total 114688K, used 89339K [0x0000000080000000, 0x0000000100000000)
  region size 1024K, 41 young (41984K), 3 survivors (3072K)
 Metaspace       used 57175K, committed 57664K, reserved 1114112K
  class space    used 7666K, committed 7872K, reserved 1048576K
}
Event: 14.879 GC heap after
{Heap after GC invocations=23 (full 0):
 garbage-first heap   total 114688K, used 52995K [0x0000000080000000, 0x0000000100000000)
  region size 1024K, 5 young (5120K), 5 survivors (5120K)
 Metaspace       used 57175K, committed 57664K, reserved 1114112K
  class space    used 7666K, committed 7872K, reserved 1048576K
}
Event: 14.964 GC heap before
{Heap before GC invocations=23 (full 0):
 garbage-first heap   total 114688K, used 59139K [0x0000000080000000, 0x0000000100000000)
  region size 1024K, 11 young (11264K), 5 survivors (5120K)
 Metaspace       used 57373K, committed 57856K, reserved 1114112K
  class space    used 7701K, committed 7936K, reserved 1048576K
}

